{
  "numTotalTestSuites": 5,
  "numPassedTestSuites": 4,
  "numFailedTestSuites": 1,
  "numPendingTestSuites": 0,
  "numTotalTests": 9,
  "numPassedTests": 9,
  "numFailedTests": 0,
  "numPendingTests": 0,
  "numTodoTests": 0,
  "snapshot": {
    "added": 0,
    "failure": false,
    "filesAdded": 0,
    "filesRemoved": 0,
    "filesRemovedList": [],
    "filesUnmatched": 0,
    "filesUpdated": 0,
    "matched": 0,
    "total": 0,
    "unchecked": 0,
    "uncheckedKeysByFile": [],
    "unmatched": 0,
    "updated": 0,
    "didUpdate": false
  },
  "startTime": 1768385602317,
  "success": false,
  "testResults": [
    {
      "assertionResults": [
        {
          "ancestorTitles": ["🏛️ 奧秘元件心核：4T 協議單元驗證"],
          "fullName": "🏛️ 奧秘元件心核：4T 協議單元驗證 🔴 [T4-Tamper-proof] 奧秘元件心核應生成鎖定物件與 Hash",
          "status": "passed",
          "title": "🔴 [T4-Tamper-proof] 奧秘元件心核應生成鎖定物件與 Hash",
          "duration": 1.256099999999833,
          "failureMessages": [],
          "meta": {}
        },
        {
          "ancestorTitles": ["🏛️ 奧秘元件心核：4T 協議單元驗證"],
          "fullName": "🏛️ 奧秘元件心核：4T 協議單元驗證 🟢 [T1-Traceable] 狀態應映射至 Traceable Green",
          "status": "passed",
          "title": "🟢 [T1-Traceable] 狀態應映射至 Traceable Green",
          "duration": 0.19629999999983738,
          "failureMessages": [],
          "meta": {}
        },
        {
          "ancestorTitles": ["🏛️ 奧秘元件心核：4T 協議單元驗證"],
          "fullName": "🏛️ 奧秘元件心核：4T 協議單元驗證 🔵 [T2-Transparent] 狀態應映射至 Transparent Blue",
          "status": "passed",
          "title": "🔵 [T2-Transparent] 狀態應映射至 Transparent Blue",
          "duration": 0.1431999999999789,
          "failureMessages": [],
          "meta": {}
        },
        {
          "ancestorTitles": ["🏛️ 奧秘元件心核：4T 協議單元驗證"],
          "fullName": "🏛️ 奧秘元件心核：4T 協議單元驗證 🟠 [T3-Tallyable] 狀態應映射至 Tallyable Orange",
          "status": "passed",
          "title": "🟠 [T3-Tallyable] 狀態應映射至 Tallyable Orange",
          "duration": 0.09609999999997854,
          "failureMessages": [],
          "meta": {}
        },
        {
          "ancestorTitles": ["🏛️ 奧秘元件心核：4T 協議單元驗證"],
          "fullName": "🏛️ 奧秘元件心核：4T 協議單元驗證 🔴 [T4-Tamper-proof] 狀態應映射至 Tamper-proof Red",
          "status": "passed",
          "title": "🔴 [T4-Tamper-proof] 狀態應映射至 Tamper-proof Red",
          "duration": 0.098700000000008,
          "failureMessages": [],
          "meta": {}
        }
      ],
      "startTime": 1768385603687,
      "endTime": 1768385603689.0986,
      "status": "passed",
      "message": "",
      "name": "C:/Project/ESGss JunAiKey Beta/src/test/dashboard.test.ts"
    },
    {
      "assertionResults": [],
      "startTime": 1768385602317,
      "endTime": 1768385602317,
      "status": "failed",
      "message": "Failed to resolve import \"../../services/auth\" from \"tests_off/services/auth.test.ts\". Does the file exist?",
      "name": "C:/Project/ESGss JunAiKey Beta/tests_off/services/auth.test.ts"
    },
    {
      "assertionResults": [
        {
          "ancestorTitles": ["🏛️ 奧秘元件心核：CyberESGCard 視覺邏輯驗證"],
          "fullName": "🏛️ 奧秘元件心核：CyberESGCard 視覺邏輯驗證 🟢 驗證 [可溯源 Traceable] 狀態顯示正確",
          "status": "passed",
          "title": "🟢 驗證 [可溯源 Traceable] 狀態顯示正確",
          "duration": 21.441700000000083,
          "failureMessages": [],
          "meta": {}
        },
        {
          "ancestorTitles": ["🏛️ 奧秘元件心核：CyberESGCard 視覺邏輯驗證"],
          "fullName": "🏛️ 奧秘元件心核：CyberESGCard 視覺邏輯驗證 🔴 驗證 [不可篡改 Immutable] 狀態顯示正確",
          "status": "passed",
          "title": "🔴 驗證 [不可篡改 Immutable] 狀態顯示正確",
          "duration": 3.0008000000000266,
          "failureMessages": [],
          "meta": {}
        },
        {
          "ancestorTitles": ["🏛️ 奧秘元件心核：CyberESGCard 視覺邏輯驗證"],
          "fullName": "🏛️ 奧秘元件心核：CyberESGCard 視覺邏輯驗證 🟣 驗證 SSOT UUID 顯示",
          "status": "passed",
          "title": "🟣 驗證 SSOT UUID 顯示",
          "duration": 1.9843000000000757,
          "failureMessages": [],
          "meta": {}
        },
        {
          "ancestorTitles": ["🏛️ 奧秘元件心核：CyberESGCard 視覺邏輯驗證"],
          "fullName": "🏛️ 奧秘元件心核：CyberESGCard 視覺邏輯驗證 🔒 驗證組件已被 Object.freeze 凍結",
          "status": "passed",
          "title": "🔒 驗證組件已被 Object.freeze 凍結",
          "duration": 0.24299999999993815,
          "failureMessages": [],
          "meta": {}
        }
      ],
      "startTime": 1768385603706,
      "endTime": 1768385603732.243,
      "status": "passed",
      "message": "",
      "name": "C:/Project/ESGss JunAiKey Beta/src/components/dashboard/widgets/__tests__/CyberESGCard.test.tsx"
    }
  ]
}
